------------- 8 Threads ------------
Writing file 0101.txt...
FLOPs in stencil code:      1.280000e+10
Time spent in stencil code: 0.865977
Performance in GFlop/s:     14.780992

Writing file 0101.txt...
FLOPs in stencil code:      1.280000e+10
Time spent in stencil code: 0.869991
Performance in GFlop/s:     14.712795

Writing file 0101.txt...
FLOPs in stencil code:      1.280000e+10
Time spent in stencil code: 0.876936
Performance in GFlop/s:     14.596273

Writing file 0101.txt...
FLOPs in stencil code:      1.280000e+10
Time spent in stencil code: 0.879450
Performance in GFlop/s:     14.554554

Writing file 0101.txt...
FLOPs in stencil code:      1.280000e+10
Time spent in stencil code: 0.880970
Performance in GFlop/s:     14.529439

