------------- 1 Threads ------------
Writing file 0101.txt...
FLOPs in stencil code:      1.280000e+10
Time spent in stencil code: 2.184272
Performance in GFlop/s:     5.860076

Writing file 0101.txt...
FLOPs in stencil code:      1.280000e+10
Time spent in stencil code: 2.185017
Performance in GFlop/s:     5.858078

Writing file 0101.txt...
FLOPs in stencil code:      1.280000e+10
Time spent in stencil code: 2.183515
Performance in GFlop/s:     5.862108

Writing file 0101.txt...
FLOPs in stencil code:      1.280000e+10
Time spent in stencil code: 2.183778
Performance in GFlop/s:     5.861402

Writing file 0101.txt...
FLOPs in stencil code:      1.280000e+10
Time spent in stencil code: 2.183729
Performance in GFlop/s:     5.861533

