------------- 32 Threads ------------
Writing file 0101.txt...
FLOPs in stencil code:      1.280000e+10
Time spent in stencil code: 2.973311
Performance in GFlop/s:     4.304965

Writing file 0101.txt...
FLOPs in stencil code:      1.280000e+10
Time spent in stencil code: 2.956313
Performance in GFlop/s:     4.329717

Writing file 0101.txt...
FLOPs in stencil code:      1.280000e+10
Time spent in stencil code: 2.959907
Performance in GFlop/s:     4.324460

Writing file 0101.txt...
FLOPs in stencil code:      1.280000e+10
Time spent in stencil code: 2.988100
Performance in GFlop/s:     4.283659

Writing file 0101.txt...
FLOPs in stencil code:      1.280000e+10
Time spent in stencil code: 2.990651
Performance in GFlop/s:     4.280005

