------------- 16 Threads ------------
Writing file 0101.txt...
FLOPs in stencil code:      1.280000e+10
Time spent in stencil code: 0.950506
Performance in GFlop/s:     13.466512

Writing file 0101.txt...
FLOPs in stencil code:      1.280000e+10
Time spent in stencil code: 0.951599
Performance in GFlop/s:     13.451046

Writing file 0101.txt...
FLOPs in stencil code:      1.280000e+10
Time spent in stencil code: 0.943985
Performance in GFlop/s:     13.559538

Writing file 0101.txt...
FLOPs in stencil code:      1.280000e+10
Time spent in stencil code: 0.958554
Performance in GFlop/s:     13.353447

Writing file 0101.txt...
FLOPs in stencil code:      1.280000e+10
Time spent in stencil code: 0.959772
Performance in GFlop/s:     13.336499

