------------- 2 Threads ------------
Writing file 0101.txt...
FLOPs in stencil code:      1.280000e+10
Time spent in stencil code: 1.354906
Performance in GFlop/s:     9.447149

Writing file 0101.txt...
FLOPs in stencil code:      1.280000e+10
Time spent in stencil code: 1.353693
Performance in GFlop/s:     9.455615

Writing file 0101.txt...
FLOPs in stencil code:      1.280000e+10
Time spent in stencil code: 1.354233
Performance in GFlop/s:     9.451845

Writing file 0101.txt...
FLOPs in stencil code:      1.280000e+10
Time spent in stencil code: 1.353877
Performance in GFlop/s:     9.454331

Writing file 0101.txt...
FLOPs in stencil code:      1.280000e+10
Time spent in stencil code: 1.353918
Performance in GFlop/s:     9.454045

