------------- 32 Threads ------------
Writing file 0101.txt...
FLOPs in stencil code:      1.280000e+10
Time spent in stencil code: 1.089753
Performance in GFlop/s:     11.745782

Writing file 0101.txt...
FLOPs in stencil code:      1.280000e+10
Time spent in stencil code: 1.106973
Performance in GFlop/s:     11.563063

Writing file 0101.txt...
FLOPs in stencil code:      1.280000e+10
Time spent in stencil code: 1.169706
Performance in GFlop/s:     10.942920

Writing file 0101.txt...
FLOPs in stencil code:      1.280000e+10
Time spent in stencil code: 1.088612
Performance in GFlop/s:     11.758091

Writing file 0101.txt...
FLOPs in stencil code:      1.280000e+10
Time spent in stencil code: 1.120027
Performance in GFlop/s:     11.428295

