------------- 2 Threads ------------
Number of flops: 12800000000
Time used:       10.4746  s
Performance:     1.222 GFlop/s
23046324028

Number of flops: 12800000000
Time used:       10.4606  s
Performance:     1.22363 GFlop/s
23015556902

Number of flops: 12800000000
Time used:       10.6164  s
Performance:     1.20568 GFlop/s
23358307496

Number of flops: 12800000000
Time used:       10.4621  s
Performance:     1.22346 GFlop/s
23018816290

Number of flops: 12800000000
Time used:       10.4903  s
Performance:     1.22018 GFlop/s
23080751242

