------------- 8 Threads ------------
Number of flops: 12800000000
Time used:       4.25973  s
Performance:     3.00489 GFlop/s
9372280950

Number of flops: 12800000000
Time used:       4.0372  s
Performance:     3.17051 GFlop/s
8882669462

Number of flops: 12800000000
Time used:       3.95054  s
Performance:     3.24006 GFlop/s
8691998084

Number of flops: 12800000000
Time used:       3.77958  s
Performance:     3.38662 GFlop/s
8315845496

Number of flops: 12800000000
Time used:       3.80961  s
Performance:     3.35992 GFlop/s
8381925688

