------------- 1 Threads ------------
Number of flops: 12800000000
Time used:       19.4926  s
Performance:     0.65666 GFlop/s
42887672862

Number of flops: 12800000000
Time used:       19.4845  s
Performance:     0.656934 GFlop/s
42869790888

Number of flops: 12800000000
Time used:       19.5008  s
Performance:     0.656383 GFlop/s
42905786112

Number of flops: 12800000000
Time used:       19.522  s
Performance:     0.655671 GFlop/s
42952361150

Number of flops: 12800000000
Time used:       19.4627  s
Performance:     0.657669 GFlop/s
42821884598

