------------- 4 Threads ------------
Number of flops: 12800000000
Time used:       5.84451  s
Performance:     2.19009 GFlop/s
12859128516

Number of flops: 12800000000
Time used:       5.83784  s
Performance:     2.19259 GFlop/s
12844455452

Number of flops: 12800000000
Time used:       5.84968  s
Performance:     2.18816 GFlop/s
12870487092

Number of flops: 12800000000
Time used:       5.87602  s
Performance:     2.17835 GFlop/s
12928446436

Number of flops: 12800000000
Time used:       5.86684  s
Performance:     2.18176 GFlop/s
12908244132

