------------- 32 Threads ------------
Number of flops: 12800000000
Time used:       2.64763  s
Performance:     4.83452 GFlop/s
5825321940

Number of flops: 12800000000
Time used:       2.62792  s
Performance:     4.87076 GFlop/s
5781974102

Number of flops: 12800000000
Time used:       2.63091  s
Performance:     4.86524 GFlop/s
5788535806

Number of flops: 12800000000
Time used:       2.75266  s
Performance:     4.65005 GFlop/s
6056417868

Number of flops: 12800000000
Time used:       2.63008  s
Performance:     4.86677 GFlop/s
5786720492

