------------- 2 Threads ------------
Writing file 0000.txt...
Writing file 0001.txt...
FLOPs in stencil code:      1.280000e+10
Time spent in stencil code: 1.608275
Performance in GFlop/s:     7.958838

Writing file 0000.txt...
Writing file 0001.txt...
FLOPs in stencil code:      1.280000e+10
Time spent in stencil code: 1.591738
Performance in GFlop/s:     8.041524

Writing file 0000.txt...
Writing file 0001.txt...
FLOPs in stencil code:      1.280000e+10
Time spent in stencil code: 1.590484
Performance in GFlop/s:     8.047864

Writing file 0000.txt...
Writing file 0001.txt...
FLOPs in stencil code:      1.280000e+10
Time spent in stencil code: 1.592544
Performance in GFlop/s:     8.037454

Writing file 0000.txt...
Writing file 0001.txt...
FLOPs in stencil code:      1.280000e+10
Time spent in stencil code: 1.591718
Performance in GFlop/s:     8.041626


