------------- 4 Threads ------------
Writing file 0000.txt...
Writing file 0001.txt...
FLOPs in stencil code:      1.280000e+10
Time spent in stencil code: 0.844105
Performance in GFlop/s:     15.163990

Writing file 0000.txt...
Writing file 0001.txt...
FLOPs in stencil code:      1.280000e+10
Time spent in stencil code: 0.845253
Performance in GFlop/s:     15.143395

Writing file 0000.txt...
Writing file 0001.txt...
FLOPs in stencil code:      1.280000e+10
Time spent in stencil code: 0.841765
Performance in GFlop/s:     15.206146

Writing file 0000.txt...
Writing file 0001.txt...
FLOPs in stencil code:      1.280000e+10
Time spent in stencil code: 0.850700
Performance in GFlop/s:     15.046430

Writing file 0000.txt...
Writing file 0001.txt...
FLOPs in stencil code:      1.280000e+10
Time spent in stencil code: 0.843751
Performance in GFlop/s:     15.170353


