------------- 32 Threads ------------
Writing file 0000.txt...
Writing file 0001.txt...
FLOPs in stencil code:      1.280000e+10
Time spent in stencil code: 0.911568
Performance in GFlop/s:     14.041740

Writing file 0000.txt...
Writing file 0001.txt...
FLOPs in stencil code:      1.280000e+10
Time spent in stencil code: 0.917022
Performance in GFlop/s:     13.958226

Writing file 0000.txt...
Writing file 0001.txt...
FLOPs in stencil code:      1.280000e+10
Time spent in stencil code: 0.917081
Performance in GFlop/s:     13.957326

Writing file 0000.txt...
Writing file 0001.txt...
FLOPs in stencil code:      1.280000e+10
Time spent in stencil code: 0.926958
Performance in GFlop/s:     13.808611

Writing file 0000.txt...
Writing file 0001.txt...
FLOPs in stencil code:      1.280000e+10
Time spent in stencil code: 0.940613
Performance in GFlop/s:     13.608147


