------------- 8 Threads ------------
Writing file 0000.txt...
Writing file 0001.txt...
FLOPs in stencil code:      1.280000e+10
Time spent in stencil code: 0.635687
Performance in GFlop/s:     20.135692

Writing file 0000.txt...
Writing file 0001.txt...
FLOPs in stencil code:      1.280000e+10
Time spent in stencil code: 0.635133
Performance in GFlop/s:     20.153258

Writing file 0000.txt...
Writing file 0001.txt...
FLOPs in stencil code:      1.280000e+10
Time spent in stencil code: 0.630365
Performance in GFlop/s:     20.305692

Writing file 0000.txt...
Writing file 0001.txt...
FLOPs in stencil code:      1.280000e+10
Time spent in stencil code: 0.630570
Performance in GFlop/s:     20.299089

Writing file 0000.txt...
Writing file 0001.txt...
FLOPs in stencil code:      1.280000e+10
Time spent in stencil code: 0.631809
Performance in GFlop/s:     20.259287


