------------- 16 Threads ------------
Writing file 0000.txt...
Writing file 0001.txt...
FLOPs in stencil code:      1.280000e+10
Time spent in stencil code: 0.819088
Performance in GFlop/s:     15.627137

Writing file 0000.txt...
Writing file 0001.txt...
FLOPs in stencil code:      1.280000e+10
Time spent in stencil code: 0.823257
Performance in GFlop/s:     15.547996

Writing file 0000.txt...
Writing file 0001.txt...
FLOPs in stencil code:      1.280000e+10
Time spent in stencil code: 0.828142
Performance in GFlop/s:     15.456283

Writing file 0000.txt...
Writing file 0001.txt...
FLOPs in stencil code:      1.280000e+10
Time spent in stencil code: 0.831573
Performance in GFlop/s:     15.392515

Writing file 0000.txt...
Writing file 0001.txt...
FLOPs in stencil code:      1.280000e+10
Time spent in stencil code: 0.772323
Performance in GFlop/s:     16.573379


